This is XeTeX, Version 3.141592653-2.6-0.999994 (TeX Live 2022/Arch Linux) (preloaded format=xelatex 2023.4.8)  21 MAY 2023 21:54
entering extended mode
 restricted \write18 enabled.
 %&-line parsing enabled.
**/home/dawn/john/books/john1
(/home/dawn/john/books/john1.tex
LaTeX2e <2021-11-15> patch level 1
L3 programming layer <2022-04-10>

! LaTeX Error: Command \footnotesize undefined.

See the LaTeX manual or LaTeX Companion for explanation.
Type  H <return>  for immediate help.
 ...                                              
                                                  
l.1 \renewcommand{\footnotesize}
                                {\fontsize{6pt}{7pt}\selectfont}
? 
! Emergency stop.
 ...                                              
                                                  
l.1 \renewcommand{\footnotesize}
                                {\fontsize{6pt}{7pt}\selectfont}
Try typing  <return>  to proceed.
If that doesn't work, type  X <return>  to quit.

 
Here is how much of TeX's memory you used:
 17 strings out of 476156
 515 string characters out of 5814964
 298780 words of memory out of 5000000
 20892 multiletter control sequences out of 15000+600000
 469259 words of font info for 28 fonts, out of 8000000 for 9000
 1348 hyphenation exceptions out of 8191
 12i,0n,12p,119b,14s stack positions out of 5000i,500n,10000p,200000b,80000s
No pages of output.
